app/build/intermediates/manifest_merge_blame_file/debug/processDebugMainManifest/manifest-merger-blame-debug-report.txt
1<?xml version="1.0" encoding="utf-8"?>
2<manifest xmlns:android="http://schemas.android.com/apk/res/android"
3    package="com.example.btl_ptud_android"
4    android:versionCode="1"
5    android:versionName="1.0" >
6
7    <uses-sdk
8        android:minSdkVersion="29"
9        android:targetSdkVersion="34" />
10
11    <!-- Although the *SdkVersion is captured in gradle build files, this is required for non gradle builds -->
12    <!-- <uses-sdk android:minSdkVersion="21"/> -->
13    <uses-permission android:name="android.permission.ACCESS_NETWORK_STATE" />
13-->[com.google.firebase:firebase-database:21.0.0] AndroidManifest.xml:22:5-79
13-->[com.google.firebase:firebase-database:21.0.0] AndroidManifest.xml:22:22-76
14    <uses-permission android:name="android.permission.INTERNET" />
14-->[com.google.firebase:firebase-database:21.0.0] AndroidManifest.xml:23:5-67
14-->[com.google.firebase:firebase-database:21.0.0] AndroidManifest.xml:23:22-64
15    <uses-permission android:name="android.permission.WAKE_LOCK" />
15-->[com.google.android.gms:play-services-measurement-api:22.1.2] AndroidManifest.xml:24:5-68
15-->[com.google.android.gms:play-services-measurement-api:22.1.2] AndroidManifest.xml:24:22-65
16    <uses-permission android:name="com.google.android.gms.permission.AD_ID" />
16-->[com.google.android.gms:play-services-measurement-api:22.1.2] AndroidManifest.xml:25:5-79
16-->[com.google.android.gms:play-services-measurement-api:22.1.2] AndroidManifest.xml:25:22-76
17    <uses-permission android:name="android.permission.ACCESS_ADSERVICES_ATTRIBUTION" />
17-->[com.google.android.gms:play-services-measurement-api:22.1.2] AndroidManifest.xml:26:5-88
17-->[com.google.android.gms:play-services-measurement-api:22.1.2] AndroidManifest.xml:26:22-85
18    <uses-permission android:name="android.permission.ACCESS_ADSERVICES_AD_ID" />
18-->[com.google.android.gms:play-services-measurement-api:22.1.2] AndroidManifest.xml:27:5-82
18-->[com.google.android.gms:play-services-measurement-api:22.1.2] AndroidManifest.xml:27:22-79
19    <uses-permission android:name="com.google.android.providers.gsf.permission.READ_GSERVICES" />
19-->[com.google.android.recaptcha:recaptcha:18.5.1] AndroidManifest.xml:9:5-98
19-->[com.google.android.recaptcha:recaptcha:18.5.1] AndroidManifest.xml:9:22-95
20    <uses-permission android:name="com.google.android.finsky.permission.BIND_GET_INSTALL_REFERRER_SERVICE" />
20-->[com.google.android.gms:play-services-measurement:22.1.2] AndroidManifest.xml:26:5-110
20-->[com.google.android.gms:play-services-measurement:22.1.2] AndroidManifest.xml:26:22-107
21
22    <permission
22-->[androidx.core:core:1.15.0] AndroidManifest.xml:22:5-24:47
23        android:name="com.example.btl_ptud_android.DYNAMIC_RECEIVER_NOT_EXPORTED_PERMISSION"
23-->[androidx.core:core:1.15.0] AndroidManifest.xml:23:9-81
24        android:protectionLevel="signature" />
24-->[androidx.core:core:1.15.0] AndroidManifest.xml:24:9-44
25
26    <uses-permission android:name="com.example.btl_ptud_android.DYNAMIC_RECEIVER_NOT_EXPORTED_PERMISSION" />
26-->[androidx.core:core:1.15.0] AndroidManifest.xml:26:5-97
26-->[androidx.core:core:1.15.0] AndroidManifest.xml:26:22-94
27
28    <application
28-->src\main\AndroidManifest.xml:5:5-57:19
29        android:allowBackup="true"
29-->src\main\AndroidManifest.xml:6:9-35
30        android:appComponentFactory="androidx.core.app.CoreComponentFactory"
30-->[androidx.core:core:1.15.0] AndroidManifest.xml:28:18-86
31        android:dataExtractionRules="@xml/data_extraction_rules"
31-->src\main\AndroidManifest.xml:7:9-65
32        android:debuggable="true"
33        android:extractNativeLibs="false"
34        android:fullBackupContent="@xml/backup_rules"
34-->src\main\AndroidManifest.xml:8:9-54
35        android:icon="@mipmap/ic_launcher"
35-->src\main\AndroidManifest.xml:9:9-43
36        android:label="@string/app_name"
36-->src\main\AndroidManifest.xml:10:9-41
37        android:roundIcon="@mipmap/ic_launcher_round"
37-->src\main\AndroidManifest.xml:11:9-54
38        android:supportsRtl="true"
38-->src\main\AndroidManifest.xml:12:9-35
39        android:testOnly="true"
40        android:theme="@style/Theme.Btl_ptud_android" >
40-->src\main\AndroidManifest.xml:13:9-54
41        <activity
41-->src\main\AndroidManifest.xml:15:9-17:40
42            android:name="com.example.btl_ptud_android.activities.UserProfileActivity"
42-->src\main\AndroidManifest.xml:16:13-59
43            android:exported="false" />
43-->src\main\AndroidManifest.xml:17:13-37
44        <activity
44-->src\main\AndroidManifest.xml:18:9-20:40
45            android:name="com.example.btl_ptud_android.activities.HomeUserActivity"
45-->src\main\AndroidManifest.xml:19:13-56
46            android:exported="false" />
46-->src\main\AndroidManifest.xml:20:13-37
47        <activity
47-->src\main\AndroidManifest.xml:21:9-23:40
48            android:name="com.example.btl_ptud_android.activities.QuestionActivity"
48-->src\main\AndroidManifest.xml:22:13-56
49            android:exported="false" />
49-->src\main\AndroidManifest.xml:23:13-37
50        <activity
50-->src\main\AndroidManifest.xml:24:9-26:40
51            android:name="com.example.btl_ptud_android.activities.ForgotPasswordActivity"
51-->src\main\AndroidManifest.xml:25:13-62
52            android:exported="false" />
52-->src\main\AndroidManifest.xml:26:13-37
53        <activity
53-->src\main\AndroidManifest.xml:27:9-29:40
54            android:name="com.example.btl_ptud_android.activities.AddLibraryActivity"
54-->src\main\AndroidManifest.xml:28:13-58
55            android:exported="false" />
55-->src\main\AndroidManifest.xml:29:13-37
56        <!-- sửa tạm để thi công màn hình danh sách bộ câu hỏi -->
57        <activity
57-->src\main\AndroidManifest.xml:31:9-39:20
58            android:name="com.example.btl_ptud_android.activities.HomeLoginActivity"
58-->src\main\AndroidManifest.xml:32:13-57
59            android:exported="true" >
59-->src\main\AndroidManifest.xml:33:13-36
60            <intent-filter>
60-->src\main\AndroidManifest.xml:34:13-38:29
61                <action android:name="android.intent.action.MAIN" />
61-->src\main\AndroidManifest.xml:35:17-69
61-->src\main\AndroidManifest.xml:35:25-66
62
63                <category android:name="android.intent.category.LAUNCHER" />
63-->src\main\AndroidManifest.xml:37:17-77
63-->src\main\AndroidManifest.xml:37:27-74
64            </intent-filter>
65        </activity>
66        <activity
66-->src\main\AndroidManifest.xml:40:9-42:40
67            android:name="com.example.btl_ptud_android.activities.ProfileActivity"
67-->src\main\AndroidManifest.xml:41:13-55
68            android:exported="false" />
68-->src\main\AndroidManifest.xml:42:13-37
69        <activity
69-->src\main\AndroidManifest.xml:43:9-47:20
70            android:name="com.example.btl_ptud_android.activities.LibraryActivity"
70-->src\main\AndroidManifest.xml:44:13-55
71            android:exported="false" >
71-->src\main\AndroidManifest.xml:45:13-37
72        </activity>
73        <activity
73-->src\main\AndroidManifest.xml:48:9-50:40
74            android:name="com.example.btl_ptud_android.activities.SignUpActivity"
74-->src\main\AndroidManifest.xml:49:13-54
75            android:exported="false" />
75-->src\main\AndroidManifest.xml:50:13-37
76        <activity
76-->src\main\AndroidManifest.xml:51:9-53:40
77            android:name="com.example.btl_ptud_android.activities.LoginActivity"
77-->src\main\AndroidManifest.xml:52:13-53
78            android:exported="false" />
78-->src\main\AndroidManifest.xml:53:13-37
79        <activity
79-->src\main\AndroidManifest.xml:54:9-56:40
80            android:name="com.example.btl_ptud_android.activities.MainActivity"
80-->src\main\AndroidManifest.xml:55:13-52
81            android:exported="false" />
81-->src\main\AndroidManifest.xml:56:13-37
82
83        <service
83-->[com.google.firebase:firebase-database:21.0.0] AndroidManifest.xml:26:9-35:19
84            android:name="com.google.firebase.components.ComponentDiscoveryService"
84-->[com.google.firebase:firebase-database:21.0.0] AndroidManifest.xml:27:13-84
85            android:directBootAware="true"
85-->[com.google.firebase:firebase-common:21.0.0] AndroidManifest.xml:32:13-43
86            android:exported="false" >
86-->[com.google.firebase:firebase-database:21.0.0] AndroidManifest.xml:28:13-37
87            <meta-data
87-->[com.google.firebase:firebase-database:21.0.0] AndroidManifest.xml:29:13-31:85
88                android:name="com.google.firebase.components:com.google.firebase.database.FirebaseDatabaseKtxRegistrar"
88-->[com.google.firebase:firebase-database:21.0.0] AndroidManifest.xml:30:17-120
89                android:value="com.google.firebase.components.ComponentRegistrar" />
89-->[com.google.firebase:firebase-database:21.0.0] AndroidManifest.xml:31:17-82
90            <meta-data
90-->[com.google.firebase:firebase-database:21.0.0] AndroidManifest.xml:32:13-34:85
91                android:name="com.google.firebase.components:com.google.firebase.database.DatabaseRegistrar"
91-->[com.google.firebase:firebase-database:21.0.0] AndroidManifest.xml:33:17-109
92                android:value="com.google.firebase.components.ComponentRegistrar" />
92-->[com.google.firebase:firebase-database:21.0.0] AndroidManifest.xml:34:17-82
93            <meta-data
93-->[com.google.firebase:firebase-auth:23.1.0] AndroidManifest.xml:69:13-71:85
94                android:name="com.google.firebase.components:com.google.firebase.auth.FirebaseAuthRegistrar"
94-->[com.google.firebase:firebase-auth:23.1.0] AndroidManifest.xml:70:17-109
95                android:value="com.google.firebase.components.ComponentRegistrar" />
95-->[com.google.firebase:firebase-auth:23.1.0] AndroidManifest.xml:71:17-82
96            <meta-data
96-->[com.google.android.gms:play-services-measurement-api:22.1.2] AndroidManifest.xml:37:13-39:85
97                android:name="com.google.firebase.components:com.google.firebase.analytics.connector.internal.AnalyticsConnectorRegistrar"
97-->[com.google.android.gms:play-services-measurement-api:22.1.2] AndroidManifest.xml:38:17-139
98                android:value="com.google.firebase.components.ComponentRegistrar" />
98-->[com.google.android.gms:play-services-measurement-api:22.1.2] AndroidManifest.xml:39:17-82
99            <meta-data
99-->[com.google.firebase:firebase-installations:18.0.0] AndroidManifest.xml:15:13-17:85
100                android:name="com.google.firebase.components:com.google.firebase.installations.FirebaseInstallationsKtxRegistrar"
100-->[com.google.firebase:firebase-installations:18.0.0] AndroidManifest.xml:16:17-130
101                android:value="com.google.firebase.components.ComponentRegistrar" />
101-->[com.google.firebase:firebase-installations:18.0.0] AndroidManifest.xml:17:17-82
102            <meta-data
102-->[com.google.firebase:firebase-installations:18.0.0] AndroidManifest.xml:18:13-20:85
103                android:name="com.google.firebase.components:com.google.firebase.installations.FirebaseInstallationsRegistrar"
103-->[com.google.firebase:firebase-installations:18.0.0] AndroidManifest.xml:19:17-127
104                android:value="com.google.firebase.components.ComponentRegistrar" />
104-->[com.google.firebase:firebase-installations:18.0.0] AndroidManifest.xml:20:17-82
105            <meta-data
105-->[com.google.firebase:firebase-common-ktx:21.0.0] AndroidManifest.xml:12:13-14:85
106                android:name="com.google.firebase.components:com.google.firebase.ktx.FirebaseCommonLegacyRegistrar"
106-->[com.google.firebase:firebase-common-ktx:21.0.0] AndroidManifest.xml:13:17-116
107                android:value="com.google.firebase.components.ComponentRegistrar" />
107-->[com.google.firebase:firebase-common-ktx:21.0.0] AndroidManifest.xml:14:17-82
108            <meta-data
108-->[com.google.firebase:firebase-common:21.0.0] AndroidManifest.xml:35:13-37:85
109                android:name="com.google.firebase.components:com.google.firebase.FirebaseCommonKtxRegistrar"
109-->[com.google.firebase:firebase-common:21.0.0] AndroidManifest.xml:36:17-109
110                android:value="com.google.firebase.components.ComponentRegistrar" />
110-->[com.google.firebase:firebase-common:21.0.0] AndroidManifest.xml:37:17-82
111        </service>
112
113        <activity
113-->[com.google.firebase:firebase-auth:23.1.0] AndroidManifest.xml:29:9-46:20
114            android:name="com.google.firebase.auth.internal.GenericIdpActivity"
114-->[com.google.firebase:firebase-auth:23.1.0] AndroidManifest.xml:30:13-80
115            android:excludeFromRecents="true"
115-->[com.google.firebase:firebase-auth:23.1.0] AndroidManifest.xml:31:13-46
116            android:exported="true"
116-->[com.google.firebase:firebase-auth:23.1.0] AndroidManifest.xml:32:13-36
117            android:launchMode="singleTask"
117-->[com.google.firebase:firebase-auth:23.1.0] AndroidManifest.xml:33:13-44
118            android:theme="@android:style/Theme.Translucent.NoTitleBar" >
118-->[com.google.firebase:firebase-auth:23.1.0] AndroidManifest.xml:34:13-72
119            <intent-filter>
119-->[com.google.firebase:firebase-auth:23.1.0] AndroidManifest.xml:35:13-45:29
120                <action android:name="android.intent.action.VIEW" />
120-->[com.google.firebase:firebase-auth:23.1.0] AndroidManifest.xml:36:17-69
120-->[com.google.firebase:firebase-auth:23.1.0] AndroidManifest.xml:36:25-66
121
122                <category android:name="android.intent.category.DEFAULT" />
122-->[com.google.firebase:firebase-auth:23.1.0] AndroidManifest.xml:38:17-76
122-->[com.google.firebase:firebase-auth:23.1.0] AndroidManifest.xml:38:27-73
123                <category android:name="android.intent.category.BROWSABLE" />
123-->[com.google.firebase:firebase-auth:23.1.0] AndroidManifest.xml:39:17-78
123-->[com.google.firebase:firebase-auth:23.1.0] AndroidManifest.xml:39:27-75
124
125                <data
125-->[com.google.firebase:firebase-auth:23.1.0] AndroidManifest.xml:41:17-44:51
126                    android:host="firebase.auth"
126-->[com.google.firebase:firebase-auth:23.1.0] AndroidManifest.xml:42:21-49
127                    android:path="/"
127-->[com.google.firebase:firebase-auth:23.1.0] AndroidManifest.xml:43:21-37
128                    android:scheme="genericidp" />
128-->[com.google.firebase:firebase-auth:23.1.0] AndroidManifest.xml:44:21-48
129            </intent-filter>
130        </activity>
131        <activity
131-->[com.google.firebase:firebase-auth:23.1.0] AndroidManifest.xml:47:9-64:20
132            android:name="com.google.firebase.auth.internal.RecaptchaActivity"
132-->[com.google.firebase:firebase-auth:23.1.0] AndroidManifest.xml:48:13-79
133            android:excludeFromRecents="true"
133-->[com.google.firebase:firebase-auth:23.1.0] AndroidManifest.xml:49:13-46
134            android:exported="true"
134-->[com.google.firebase:firebase-auth:23.1.0] AndroidManifest.xml:50:13-36
135            android:launchMode="singleTask"
135-->[com.google.firebase:firebase-auth:23.1.0] AndroidManifest.xml:51:13-44
136            android:theme="@android:style/Theme.Translucent.NoTitleBar" >
136-->[com.google.firebase:firebase-auth:23.1.0] AndroidManifest.xml:52:13-72
137            <intent-filter>
137-->[com.google.firebase:firebase-auth:23.1.0] AndroidManifest.xml:53:13-63:29
138                <action android:name="android.intent.action.VIEW" />
138-->[com.google.firebase:firebase-auth:23.1.0] AndroidManifest.xml:36:17-69
138-->[com.google.firebase:firebase-auth:23.1.0] AndroidManifest.xml:36:25-66
139
140                <category android:name="android.intent.category.DEFAULT" />
140-->[com.google.firebase:firebase-auth:23.1.0] AndroidManifest.xml:38:17-76
140-->[com.google.firebase:firebase-auth:23.1.0] AndroidManifest.xml:38:27-73
141                <category android:name="android.intent.category.BROWSABLE" />
141-->[com.google.firebase:firebase-auth:23.1.0] AndroidManifest.xml:39:17-78
141-->[com.google.firebase:firebase-auth:23.1.0] AndroidManifest.xml:39:27-75
142
143                <data
143-->[com.google.firebase:firebase-auth:23.1.0] AndroidManifest.xml:41:17-44:51
144                    android:host="firebase.auth"
144-->[com.google.firebase:firebase-auth:23.1.0] AndroidManifest.xml:42:21-49
145                    android:path="/"
145-->[com.google.firebase:firebase-auth:23.1.0] AndroidManifest.xml:43:21-37
146                    android:scheme="recaptcha" />
146-->[com.google.firebase:firebase-auth:23.1.0] AndroidManifest.xml:44:21-48
147            </intent-filter>
148        </activity>
149
150        <property
150-->[com.google.android.gms:play-services-measurement-api:22.1.2] AndroidManifest.xml:30:9-32:61
151            android:name="android.adservices.AD_SERVICES_CONFIG"
151-->[com.google.android.gms:play-services-measurement-api:22.1.2] AndroidManifest.xml:31:13-65
152            android:resource="@xml/ga_ad_services_config" />
152-->[com.google.android.gms:play-services-measurement-api:22.1.2] AndroidManifest.xml:32:13-58
153
154        <service
154-->[androidx.credentials:credentials-play-services-auth:1.2.0-rc01] AndroidManifest.xml:24:9-32:19
155            android:name="androidx.credentials.playservices.CredentialProviderMetadataHolder"
155-->[androidx.credentials:credentials-play-services-auth:1.2.0-rc01] AndroidManifest.xml:25:13-94
156            android:enabled="true"
156-->[androidx.credentials:credentials-play-services-auth:1.2.0-rc01] AndroidManifest.xml:26:13-35
157            android:exported="false" >
157-->[androidx.credentials:credentials-play-services-auth:1.2.0-rc01] AndroidManifest.xml:27:13-37
158            <meta-data
158-->[androidx.credentials:credentials-play-services-auth:1.2.0-rc01] AndroidManifest.xml:29:13-31:104
159                android:name="androidx.credentials.CREDENTIAL_PROVIDER_KEY"
159-->[androidx.credentials:credentials-play-services-auth:1.2.0-rc01] AndroidManifest.xml:30:17-76
160                android:value="androidx.credentials.playservices.CredentialProviderPlayServicesImpl" />
160-->[androidx.credentials:credentials-play-services-auth:1.2.0-rc01] AndroidManifest.xml:31:17-101
161        </service>
162
163        <activity
163-->[androidx.credentials:credentials-play-services-auth:1.2.0-rc01] AndroidManifest.xml:34:9-41:20
164            android:name="androidx.credentials.playservices.HiddenActivity"
164-->[androidx.credentials:credentials-play-services-auth:1.2.0-rc01] AndroidManifest.xml:35:13-76
165            android:configChanges="orientation|screenSize|screenLayout|keyboardHidden"
165-->[androidx.credentials:credentials-play-services-auth:1.2.0-rc01] AndroidManifest.xml:36:13-87
166            android:enabled="true"
166-->[androidx.credentials:credentials-play-services-auth:1.2.0-rc01] AndroidManifest.xml:37:13-35
167            android:exported="false"
167-->[androidx.credentials:credentials-play-services-auth:1.2.0-rc01] AndroidManifest.xml:38:13-37
168            android:fitsSystemWindows="true"
168-->[androidx.credentials:credentials-play-services-auth:1.2.0-rc01] AndroidManifest.xml:39:13-45
169            android:theme="@style/Theme.Hidden" >
169-->[androidx.credentials:credentials-play-services-auth:1.2.0-rc01] AndroidManifest.xml:40:13-48
170        </activity>
171
172        <provider
172-->[com.google.firebase:firebase-common:21.0.0] AndroidManifest.xml:23:9-28:39
173            android:name="com.google.firebase.provider.FirebaseInitProvider"
173-->[com.google.firebase:firebase-common:21.0.0] AndroidManifest.xml:24:13-77
174            android:authorities="com.example.btl_ptud_android.firebaseinitprovider"
174-->[com.google.firebase:firebase-common:21.0.0] AndroidManifest.xml:25:13-72
175            android:directBootAware="true"
175-->[com.google.firebase:firebase-common:21.0.0] AndroidManifest.xml:26:13-43
176            android:exported="false"
176-->[com.google.firebase:firebase-common:21.0.0] AndroidManifest.xml:27:13-37
177            android:initOrder="100" />
177-->[com.google.firebase:firebase-common:21.0.0] AndroidManifest.xml:28:13-36
178
179        <receiver
179-->[com.google.android.gms:play-services-measurement:22.1.2] AndroidManifest.xml:29:9-33:20
180            android:name="com.google.android.gms.measurement.AppMeasurementReceiver"
180-->[com.google.android.gms:play-services-measurement:22.1.2] AndroidManifest.xml:30:13-85
181            android:enabled="true"
181-->[com.google.android.gms:play-services-measurement:22.1.2] AndroidManifest.xml:31:13-35
182            android:exported="false" >
182-->[com.google.android.gms:play-services-measurement:22.1.2] AndroidManifest.xml:32:13-37
183        </receiver>
184
185        <service
185-->[com.google.android.gms:play-services-measurement:22.1.2] AndroidManifest.xml:35:9-38:40
186            android:name="com.google.android.gms.measurement.AppMeasurementService"
186-->[com.google.android.gms:play-services-measurement:22.1.2] AndroidManifest.xml:36:13-84
187            android:enabled="true"
187-->[com.google.android.gms:play-services-measurement:22.1.2] AndroidManifest.xml:37:13-35
188            android:exported="false" />
188-->[com.google.android.gms:play-services-measurement:22.1.2] AndroidManifest.xml:38:13-37
189        <service
189-->[com.google.android.gms:play-services-measurement:22.1.2] AndroidManifest.xml:39:9-43:72
190            android:name="com.google.android.gms.measurement.AppMeasurementJobService"
190-->[com.google.android.gms:play-services-measurement:22.1.2] AndroidManifest.xml:40:13-87
191            android:enabled="true"
191-->[com.google.android.gms:play-services-measurement:22.1.2] AndroidManifest.xml:41:13-35
192            android:exported="false"
192-->[com.google.android.gms:play-services-measurement:22.1.2] AndroidManifest.xml:42:13-37
193            android:permission="android.permission.BIND_JOB_SERVICE" />
193-->[com.google.android.gms:play-services-measurement:22.1.2] AndroidManifest.xml:43:13-69
194
195        <activity
195-->[com.google.android.gms:play-services-auth:20.7.0] AndroidManifest.xml:23:9-27:75
196            android:name="com.google.android.gms.auth.api.signin.internal.SignInHubActivity"
196-->[com.google.android.gms:play-services-auth:20.7.0] AndroidManifest.xml:24:13-93
197            android:excludeFromRecents="true"
197-->[com.google.android.gms:play-services-auth:20.7.0] AndroidManifest.xml:25:13-46
198            android:exported="false"
198-->[com.google.android.gms:play-services-auth:20.7.0] AndroidManifest.xml:26:13-37
199            android:theme="@android:style/Theme.Translucent.NoTitleBar" />
199-->[com.google.android.gms:play-services-auth:20.7.0] AndroidManifest.xml:27:13-72
200        <!--
201            Service handling Google Sign-In user revocation. For apps that do not integrate with
202            Google Sign-In, this service will never be started.
203        -->
204        <service
204-->[com.google.android.gms:play-services-auth:20.7.0] AndroidManifest.xml:33:9-37:51
205            android:name="com.google.android.gms.auth.api.signin.RevocationBoundService"
205-->[com.google.android.gms:play-services-auth:20.7.0] AndroidManifest.xml:34:13-89
206            android:exported="true"
206-->[com.google.android.gms:play-services-auth:20.7.0] AndroidManifest.xml:35:13-36
207            android:permission="com.google.android.gms.auth.api.signin.permission.REVOCATION_NOTIFICATION"
207-->[com.google.android.gms:play-services-auth:20.7.0] AndroidManifest.xml:36:13-107
208            android:visibleToInstantApps="true" />
208-->[com.google.android.gms:play-services-auth:20.7.0] AndroidManifest.xml:37:13-48
209
210        <uses-library
210-->[androidx.privacysandbox.ads:ads-adservices:1.0.0-beta05] AndroidManifest.xml:23:9-25:40
211            android:name="android.ext.adservices"
211-->[androidx.privacysandbox.ads:ads-adservices:1.0.0-beta05] AndroidManifest.xml:24:13-50
212            android:required="false" />
212-->[androidx.privacysandbox.ads:ads-adservices:1.0.0-beta05] AndroidManifest.xml:25:13-37
213
214        <activity
214-->[com.google.android.gms:play-services-base:18.5.0] AndroidManifest.xml:5:9-173
215            android:name="com.google.android.gms.common.api.GoogleApiActivity"
215-->[com.google.android.gms:play-services-base:18.5.0] AndroidManifest.xml:5:19-85
216            android:exported="false"
216-->[com.google.android.gms:play-services-base:18.5.0] AndroidManifest.xml:5:146-170
217            android:theme="@android:style/Theme.Translucent.NoTitleBar" />
217-->[com.google.android.gms:play-services-base:18.5.0] AndroidManifest.xml:5:86-145
218
219        <meta-data
219-->[com.google.android.gms:play-services-basement:18.4.0] AndroidManifest.xml:6:9-122
220            android:name="com.google.android.gms.version"
220-->[com.google.android.gms:play-services-basement:18.4.0] AndroidManifest.xml:6:20-65
221            android:value="@integer/google_play_services_version" />
221-->[com.google.android.gms:play-services-basement:18.4.0] AndroidManifest.xml:6:66-119
222
223        <provider
223-->[androidx.emoji2:emoji2:1.3.0] AndroidManifest.xml:24:9-32:20
224            android:name="androidx.startup.InitializationProvider"
224-->[androidx.emoji2:emoji2:1.3.0] AndroidManifest.xml:25:13-67
225            android:authorities="com.example.btl_ptud_android.androidx-startup"
225-->[androidx.emoji2:emoji2:1.3.0] AndroidManifest.xml:26:13-68
226            android:exported="false" >
226-->[androidx.emoji2:emoji2:1.3.0] AndroidManifest.xml:27:13-37
227            <meta-data
227-->[androidx.emoji2:emoji2:1.3.0] AndroidManifest.xml:29:13-31:52
228                android:name="androidx.emoji2.text.EmojiCompatInitializer"
228-->[androidx.emoji2:emoji2:1.3.0] AndroidManifest.xml:30:17-75
229                android:value="androidx.startup" />
229-->[androidx.emoji2:emoji2:1.3.0] AndroidManifest.xml:31:17-49
230            <meta-data
230-->[androidx.lifecycle:lifecycle-process:2.6.2] AndroidManifest.xml:29:13-31:52
231                android:name="androidx.lifecycle.ProcessLifecycleInitializer"
231-->[androidx.lifecycle:lifecycle-process:2.6.2] AndroidManifest.xml:30:17-78
232                android:value="androidx.startup" />
232-->[androidx.lifecycle:lifecycle-process:2.6.2] AndroidManifest.xml:31:17-49
233            <meta-data
233-->[androidx.profileinstaller:profileinstaller:1.4.0] AndroidManifest.xml:29:13-31:52
234                android:name="androidx.profileinstaller.ProfileInstallerInitializer"
234-->[androidx.profileinstaller:profileinstaller:1.4.0] AndroidManifest.xml:30:17-85
235                android:value="androidx.startup" />
235-->[androidx.profileinstaller:profileinstaller:1.4.0] AndroidManifest.xml:31:17-49
236        </provider>
237
238        <receiver
238-->[androidx.profileinstaller:profileinstaller:1.4.0] AndroidManifest.xml:34:9-52:20
239            android:name="androidx.profileinstaller.ProfileInstallReceiver"
239-->[androidx.profileinstaller:profileinstaller:1.4.0] AndroidManifest.xml:35:13-76
240            android:directBootAware="false"
240-->[androidx.profileinstaller:profileinstaller:1.4.0] AndroidManifest.xml:36:13-44
241            android:enabled="true"
241-->[androidx.profileinstaller:profileinstaller:1.4.0] AndroidManifest.xml:37:13-35
242            android:exported="true"
242-->[androidx.profileinstaller:profileinstaller:1.4.0] AndroidManifest.xml:38:13-36
243            android:permission="android.permission.DUMP" >
243-->[androidx.profileinstaller:profileinstaller:1.4.0] AndroidManifest.xml:39:13-57
244            <intent-filter>
244-->[androidx.profileinstaller:profileinstaller:1.4.0] AndroidManifest.xml:40:13-42:29
245                <action android:name="androidx.profileinstaller.action.INSTALL_PROFILE" />
245-->[androidx.profileinstaller:profileinstaller:1.4.0] AndroidManifest.xml:41:17-91
245-->[androidx.profileinstaller:profileinstaller:1.4.0] AndroidManifest.xml:41:25-88
246            </intent-filter>
247            <intent-filter>
247-->[androidx.profileinstaller:profileinstaller:1.4.0] AndroidManifest.xml:43:13-45:29
248                <action android:name="androidx.profileinstaller.action.SKIP_FILE" />
248-->[androidx.profileinstaller:profileinstaller:1.4.0] AndroidManifest.xml:44:17-85
248-->[androidx.profileinstaller:profileinstaller:1.4.0] AndroidManifest.xml:44:25-82
249            </intent-filter>
250            <intent-filter>
250-->[androidx.profileinstaller:profileinstaller:1.4.0] AndroidManifest.xml:46:13-48:29
251                <action android:name="androidx.profileinstaller.action.SAVE_PROFILE" />
251-->[androidx.profileinstaller:profileinstaller:1.4.0] AndroidManifest.xml:47:17-88
251-->[androidx.profileinstaller:profileinstaller:1.4.0] AndroidManifest.xml:47:25-85
252            </intent-filter>
253            <intent-filter>
253-->[androidx.profileinstaller:profileinstaller:1.4.0] AndroidManifest.xml:49:13-51:29
254                <action android:name="androidx.profileinstaller.action.BENCHMARK_OPERATION" />
254-->[androidx.profileinstaller:profileinstaller:1.4.0] AndroidManifest.xml:50:17-95
254-->[androidx.profileinstaller:profileinstaller:1.4.0] AndroidManifest.xml:50:25-92
255            </intent-filter>
256        </receiver> <!-- The activities will be merged into the manifest of the hosting app. -->
257        <activity
257-->[com.google.android.play:core-common:2.0.3] AndroidManifest.xml:14:9-18:65
258            android:name="com.google.android.play.core.common.PlayCoreDialogWrapperActivity"
258-->[com.google.android.play:core-common:2.0.3] AndroidManifest.xml:15:13-93
259            android:exported="false"
259-->[com.google.android.play:core-common:2.0.3] AndroidManifest.xml:16:13-37
260            android:stateNotNeeded="true"
260-->[com.google.android.play:core-common:2.0.3] AndroidManifest.xml:17:13-42
261            android:theme="@style/Theme.PlayCore.Transparent" />